
Gurobi 8.1.1 (mac64, Python) logging started Tue Apr 23 14:18:25 2019

Academic license - for non-commercial use only
Optimize a model with 2 rows, 3 columns and 5 nonzeros
Variable types: 0 continuous, 3 integer (3 binary)
Coefficient statistics:
  Matrix range     [1e+00, 3e+00]
  Objective range  [1e+00, 2e+00]
  Bounds range     [1e+00, 1e+00]
  RHS range        [1e+00, 4e+00]
Found heuristic solution: objective 2.0000000
Presolve removed 2 rows and 3 columns
Presolve time: 0.00s
Presolve: All rows and columns removed

Explored 0 nodes (0 simplex iterations) in 0.00 seconds
Thread count was 1 (of 4 available processors)

Solution count 2: 3 2 

Optimal solution found (tolerance 1.00e-04)
Best objective 3.000000000000e+00, best bound 3.000000000000e+00, gap 0.0000%

Gurobi 8.1.1 (mac64, Python) logging started Sun Apr 28 18:36:22 2019

Academic license - for non-commercial use only

Gurobi 8.1.1 (mac64, Python) logging started Sun Apr 28 18:36:44 2019

Academic license - for non-commercial use only

Gurobi 8.1.1 (mac64, Python) logging started Sun Apr 28 18:37:23 2019

Academic license - for non-commercial use only

Gurobi 8.1.1 (mac64, Python) logging started Sun Apr 28 18:37:55 2019

Academic license - for non-commercial use only

Gurobi 8.1.1 (mac64, Python) logging started Sun Apr 28 18:39:23 2019

Academic license - for non-commercial use only

Gurobi 8.1.1 (mac64, Python) logging started Sun Apr 28 18:42:20 2019

Academic license - for non-commercial use only

Gurobi 8.1.1 (mac64, Python) logging started Sun Apr 28 18:42:45 2019

Academic license - for non-commercial use only

Gurobi 8.1.1 (mac64, Python) logging started Sun Apr 28 18:44:09 2019

Academic license - for non-commercial use only

Gurobi 8.1.1 (mac64, Python) logging started Sun Apr 28 18:45:01 2019

Academic license - for non-commercial use only

Gurobi 8.1.1 (mac64, Python) logging started Sun Apr 28 18:45:36 2019

Academic license - for non-commercial use only

Gurobi 8.1.1 (mac64, Python) logging started Sun Apr 28 18:46:31 2019

Academic license - for non-commercial use only

Gurobi 8.1.1 (mac64, Python) logging started Sun Apr 28 18:46:45 2019

Academic license - for non-commercial use only

Gurobi 8.1.1 (mac64, Python) logging started Sun Apr 28 18:47:18 2019

Academic license - for non-commercial use only
Changed value of parameter TimeLimit to 100.0
   Prev: 1e+100  Min: 0.0  Max: 1e+100  Default: 1e+100
Optimize a model with 6 rows, 6 columns and 12 nonzeros
Variable types: 0 continuous, 6 integer (6 binary)
Coefficient statistics:
  Matrix range     [1e+00, 1e+00]
  Objective range  [1e+01, 3e+02]
  Bounds range     [1e+00, 1e+00]
  RHS range        [1e+00, 1e+00]
Found heuristic solution: objective 410.0000000
Presolve removed 6 rows and 6 columns
Presolve time: 0.00s
Presolve: All rows and columns removed

Explored 0 nodes (0 simplex iterations) in 0.00 seconds
Thread count was 1 (of 4 available processors)

Solution count 2: 240 410 

Optimal solution found (tolerance 1.00e-04)
Best objective 2.400000000000e+02, best bound 2.400000000000e+02, gap 0.0000%

Gurobi 8.1.1 (mac64, Python) logging started Sun Apr 28 18:49:00 2019

Academic license - for non-commercial use only

Gurobi 8.1.1 (mac64, Python) logging started Sun Apr 28 18:49:08 2019

Academic license - for non-commercial use only

Gurobi 8.1.1 (mac64, Python) logging started Sun Apr 28 19:02:55 2019

Academic license - for non-commercial use only

Gurobi 8.1.1 (mac64, Python) logging started Sun Apr 28 19:03:07 2019

Academic license - for non-commercial use only

Gurobi 8.1.1 (mac64, Python) logging started Sun Apr 28 19:03:25 2019

Academic license - for non-commercial use only

Gurobi 8.1.1 (mac64, Python) logging started Sun Apr 28 19:03:38 2019

Academic license - for non-commercial use only

Gurobi 8.1.1 (mac64, Python) logging started Sun Apr 28 19:03:53 2019

Academic license - for non-commercial use only

Gurobi 8.1.1 (mac64, Python) logging started Sun Apr 28 20:11:32 2019

Academic license - for non-commercial use only

Gurobi 8.1.1 (mac64, Python) logging started Sun Apr 28 20:13:33 2019

Academic license - for non-commercial use only

Gurobi 8.1.1 (mac64, Python) logging started Sun Apr 28 20:14:31 2019

Academic license - for non-commercial use only

Gurobi 8.1.1 (mac64, Python) logging started Sun Apr 28 20:14:37 2019

Academic license - for non-commercial use only

Gurobi 8.1.1 (mac64, Python) logging started Sun Apr 28 20:15:10 2019

Academic license - for non-commercial use only

Gurobi 8.1.1 (mac64, Python) logging started Sun Apr 28 20:17:42 2019

Academic license - for non-commercial use only

Gurobi 8.1.1 (mac64, Python) logging started Sun Apr 28 20:21:07 2019

Academic license - for non-commercial use only

Gurobi 8.1.1 (mac64, Python) logging started Sun Apr 28 20:24:06 2019

Academic license - for non-commercial use only

Gurobi 8.1.1 (mac64, Python) logging started Sun Apr 28 20:24:57 2019

Academic license - for non-commercial use only

Gurobi 8.1.1 (mac64, Python) logging started Sun Apr 28 21:32:10 2019

Academic license - for non-commercial use only

Gurobi 8.1.1 (mac64, Python) logging started Sun Apr 28 21:33:02 2019

Academic license - for non-commercial use only

Gurobi 8.1.1 (mac64, Python) logging started Sun Apr 28 21:35:23 2019

Academic license - for non-commercial use only

Gurobi 8.1.1 (mac64, Python) logging started Sun Apr 28 21:35:45 2019

Academic license - for non-commercial use only

Gurobi 8.1.1 (mac64, Python) logging started Sun Apr 28 21:36:36 2019

Academic license - for non-commercial use only

Gurobi 8.1.1 (mac64, Python) logging started Sun Apr 28 21:37:09 2019

Academic license - for non-commercial use only

Gurobi 8.1.1 (mac64, Python) logging started Sun Apr 28 21:37:32 2019

Academic license - for non-commercial use only

Gurobi 8.1.1 (mac64, Python) logging started Sun Apr 28 21:39:05 2019

Academic license - for non-commercial use only

Gurobi 8.1.1 (mac64, Python) logging started Sun Apr 28 21:39:14 2019

Academic license - for non-commercial use only

Gurobi 8.1.1 (mac64, Python) logging started Sun Apr 28 21:39:25 2019

Academic license - for non-commercial use only

Gurobi 8.1.1 (mac64, Python) logging started Sun Apr 28 21:40:29 2019

Academic license - for non-commercial use only

Gurobi 8.1.1 (mac64, Python) logging started Sun Apr 28 21:40:53 2019

Academic license - for non-commercial use only

Gurobi 8.1.1 (mac64, Python) logging started Sun Apr 28 21:41:45 2019

Academic license - for non-commercial use only

Gurobi 8.1.1 (mac64, Python) logging started Sun Apr 28 21:43:26 2019

Academic license - for non-commercial use only

Gurobi 8.1.1 (mac64, Python) logging started Sun Apr 28 21:43:54 2019

Academic license - for non-commercial use only

Gurobi 8.1.1 (mac64, Python) logging started Sun Apr 28 21:44:29 2019

Academic license - for non-commercial use only

Gurobi 8.1.1 (mac64, Python) logging started Sun Apr 28 21:44:55 2019

Academic license - for non-commercial use only

Gurobi 8.1.1 (mac64, Python) logging started Sun Apr 28 21:45:19 2019

Academic license - for non-commercial use only

Gurobi 8.1.1 (mac64, Python) logging started Sun Apr 28 21:47:04 2019

Academic license - for non-commercial use only

Gurobi 8.1.1 (mac64, Python) logging started Mon Apr 29 00:15:56 2019

Academic license - for non-commercial use only

Gurobi 8.1.1 (mac64, Python) logging started Mon Apr 29 00:16:46 2019

Academic license - for non-commercial use only

Gurobi 8.1.1 (mac64, Python) logging started Mon Apr 29 00:17:06 2019

Academic license - for non-commercial use only

Gurobi 8.1.1 (mac64, Python) logging started Mon Apr 29 00:21:36 2019

Academic license - for non-commercial use only

Gurobi 8.1.1 (mac64, Python) logging started Mon Apr 29 00:22:00 2019

Academic license - for non-commercial use only

Gurobi 8.1.1 (mac64, Python) logging started Mon Apr 29 00:22:13 2019

Academic license - for non-commercial use only

Gurobi 8.1.1 (mac64, Python) logging started Mon Apr 29 00:24:18 2019

Academic license - for non-commercial use only

Gurobi 8.1.1 (mac64, Python) logging started Mon Apr 29 00:24:54 2019

Academic license - for non-commercial use only

Gurobi 8.1.1 (mac64, Python) logging started Mon Apr 29 00:26:17 2019

Academic license - for non-commercial use only

Gurobi 8.1.1 (mac64, Python) logging started Mon Apr 29 00:26:48 2019

Academic license - for non-commercial use only

Gurobi 8.1.1 (mac64, Python) logging started Mon Apr 29 00:26:59 2019

Academic license - for non-commercial use only

Gurobi 8.1.1 (mac64, Python) logging started Mon Apr 29 00:58:23 2019

Academic license - for non-commercial use only

Gurobi 8.1.1 (mac64, Python) logging started Mon Apr 29 00:59:10 2019

Academic license - for non-commercial use only

Gurobi 8.1.1 (mac64, Python) logging started Mon Apr 29 01:03:31 2019

Academic license - for non-commercial use only

Gurobi 8.1.1 (mac64, Python) logging started Mon Apr 29 01:04:17 2019

Academic license - for non-commercial use only

Gurobi 8.1.1 (mac64, Python) logging started Mon Apr 29 01:04:37 2019

Academic license - for non-commercial use only

Gurobi 8.1.1 (mac64, Python) logging started Mon Apr 29 01:05:08 2019

Academic license - for non-commercial use only

Gurobi 8.1.1 (mac64, Python) logging started Mon Apr 29 01:05:33 2019

Academic license - for non-commercial use only

Gurobi 8.1.1 (mac64, Python) logging started Mon Apr 29 01:06:09 2019

Academic license - for non-commercial use only

Gurobi 8.1.1 (mac64, Python) logging started Mon Apr 29 01:08:56 2019

Academic license - for non-commercial use only

Gurobi 8.1.1 (mac64, Python) logging started Mon Apr 29 01:09:12 2019

Academic license - for non-commercial use only

Gurobi 8.1.1 (mac64, Python) logging started Mon Apr 29 01:10:21 2019

Academic license - for non-commercial use only

Gurobi 8.1.1 (mac64, Python) logging started Mon Apr 29 01:11:50 2019

Academic license - for non-commercial use only

Gurobi 8.1.1 (mac64, Python) logging started Mon Apr 29 01:12:14 2019

Academic license - for non-commercial use only

Gurobi 8.1.1 (mac64, Python) logging started Mon Apr 29 01:21:39 2019

Academic license - for non-commercial use only

Gurobi 8.1.1 (mac64, Python) logging started Mon Apr 29 01:21:53 2019

Academic license - for non-commercial use only

Gurobi 8.1.1 (mac64, Python) logging started Mon Apr 29 01:22:48 2019

Academic license - for non-commercial use only

Gurobi 8.1.1 (mac64, Python) logging started Mon Apr 29 01:23:02 2019

Academic license - for non-commercial use only

Gurobi 8.1.1 (mac64, Python) logging started Mon Apr 29 01:23:11 2019

Academic license - for non-commercial use only

Gurobi 8.1.1 (mac64, Python) logging started Mon Apr 29 01:24:14 2019

Academic license - for non-commercial use only

Gurobi 8.1.1 (mac64, Python) logging started Mon Apr 29 01:27:05 2019

Academic license - for non-commercial use only

Gurobi 8.1.1 (mac64, Python) logging started Mon Apr 29 01:27:54 2019

Academic license - for non-commercial use only

Gurobi 8.1.1 (mac64, Python) logging started Mon Apr 29 01:32:48 2019

Academic license - for non-commercial use only

Gurobi 8.1.1 (mac64, Python) logging started Mon Apr 29 02:00:55 2019

Academic license - for non-commercial use only

Gurobi 8.1.1 (mac64, Python) logging started Mon Apr 29 02:24:16 2019

Academic license - for non-commercial use only

Gurobi 8.1.1 (mac64, Python) logging started Mon Apr 29 02:29:34 2019

Academic license - for non-commercial use only

Gurobi 8.1.1 (mac64, Python) logging started Mon Apr 29 02:30:30 2019

Academic license - for non-commercial use only

Gurobi 8.1.1 (mac64, Python) logging started Mon Apr 29 02:32:28 2019

Academic license - for non-commercial use only

Gurobi 8.1.1 (mac64, Python) logging started Mon Apr 29 02:32:55 2019

Academic license - for non-commercial use only

Gurobi 8.1.1 (mac64, Python) logging started Mon Apr 29 02:33:13 2019

Academic license - for non-commercial use only

Gurobi 8.1.1 (mac64, Python) logging started Mon Apr 29 02:33:39 2019

Academic license - for non-commercial use only

Gurobi 8.1.1 (mac64, Python) logging started Mon Apr 29 02:34:12 2019

Academic license - for non-commercial use only

Gurobi 8.1.1 (mac64, Python) logging started Mon Apr 29 02:34:38 2019

Academic license - for non-commercial use only

Gurobi 8.1.1 (mac64, Python) logging started Mon Apr 29 02:35:16 2019

Academic license - for non-commercial use only

Gurobi 8.1.1 (mac64, Python) logging started Mon Apr 29 02:48:30 2019

Academic license - for non-commercial use only

Gurobi 8.1.1 (mac64, Python) logging started Mon Apr 29 02:49:14 2019

Academic license - for non-commercial use only

Gurobi 8.1.1 (mac64, Python) logging started Mon Apr 29 03:21:33 2019

Academic license - for non-commercial use only

Gurobi 8.1.1 (mac64, Python) logging started Fri May 17 21:56:54 2019

Academic license - for non-commercial use only

Gurobi 8.1.1 (mac64, Python) logging started Fri May 17 22:22:43 2019

Academic license - for non-commercial use only

Gurobi 8.1.1 (mac64, Python) logging started Fri May 17 22:23:01 2019

Academic license - for non-commercial use only

Gurobi 8.1.1 (mac64, Python) logging started Fri May 17 22:23:39 2019

Academic license - for non-commercial use only

Gurobi 8.1.1 (mac64, Python) logging started Fri May 17 22:24:02 2019

Academic license - for non-commercial use only

Gurobi 8.1.1 (mac64, Python) logging started Fri May 17 22:24:18 2019

Academic license - for non-commercial use only

Gurobi 8.1.1 (mac64, Python) logging started Fri May 17 22:25:33 2019

Academic license - for non-commercial use only

Gurobi 8.1.1 (mac64, Python) logging started Fri May 17 22:25:44 2019

Academic license - for non-commercial use only

Gurobi 8.1.1 (mac64, Python) logging started Fri May 17 23:05:40 2019

Academic license - for non-commercial use only

Gurobi 8.1.1 (mac64, Python) logging started Fri May 17 23:09:21 2019

Academic license - for non-commercial use only

Gurobi 8.1.1 (mac64, Python) logging started Fri May 17 23:10:18 2019

Academic license - for non-commercial use only

Gurobi 8.1.1 (mac64, Python) logging started Fri May 17 23:10:25 2019

Academic license - for non-commercial use only

Gurobi 8.1.1 (mac64, Python) logging started Fri May 24 15:05:40 2019

Academic license - for non-commercial use only

Gurobi 8.1.1 (mac64, Python) logging started Fri May 24 15:08:03 2019

Academic license - for non-commercial use only

Gurobi 8.1.1 (mac64, Python) logging started Fri May 24 15:08:06 2019

Academic license - for non-commercial use only

Gurobi 8.1.1 (mac64, Python) logging started Fri May 24 15:08:59 2019

Academic license - for non-commercial use only

Gurobi 8.1.1 (mac64, Python) logging started Fri May 24 15:16:33 2019

Academic license - for non-commercial use only

Gurobi 8.1.1 (mac64, Python) logging started Fri May 24 15:18:22 2019

Academic license - for non-commercial use only

Gurobi 8.1.1 (mac64, Python) logging started Fri May 24 15:40:47 2019

Academic license - for non-commercial use only

Gurobi 8.1.1 (mac64, Python) logging started Fri May 24 15:41:00 2019

Academic license - for non-commercial use only

Gurobi 8.1.1 (mac64, Python) logging started Fri May 24 15:43:17 2019

Academic license - for non-commercial use only

Gurobi 8.1.1 (mac64, Python) logging started Fri May 24 15:44:20 2019

Academic license - for non-commercial use only

Gurobi 8.1.1 (mac64, Python) logging started Fri May 24 16:06:52 2019

Academic license - for non-commercial use only

Gurobi 8.1.1 (mac64, Python) logging started Fri May 24 16:11:57 2019

Academic license - for non-commercial use only

Gurobi 8.1.1 (mac64, Python) logging started Fri May 24 16:21:30 2019

Academic license - for non-commercial use only

Gurobi 8.1.1 (mac64, Python) logging started Fri May 24 16:30:11 2019

Academic license - for non-commercial use only

Gurobi 8.1.1 (mac64, Python) logging started Fri May 24 16:40:42 2019

Academic license - for non-commercial use only

Gurobi 8.1.1 (mac64, Python) logging started Fri May 24 16:45:59 2019

Academic license - for non-commercial use only

Gurobi 8.1.1 (mac64, Python) logging started Sun May 26 01:54:45 2019

Academic license - for non-commercial use only

Gurobi 8.1.1 (mac64, Python) logging started Mon May 27 00:55:53 2019

Academic license - for non-commercial use only

Gurobi 8.1.1 (mac64, Python) logging started Mon May 27 05:11:32 2019

Academic license - for non-commercial use only

Gurobi 8.1.1 (mac64, Python) logging started Tue May 28 16:06:52 2019

Academic license - for non-commercial use only

Gurobi 8.1.1 (mac64, Python) logging started Tue May 28 17:06:02 2019

Academic license - for non-commercial use only

Gurobi 8.1.1 (mac64, Python) logging started Wed May 29 00:50:52 2019

Academic license - for non-commercial use only

Gurobi 8.1.1 (mac64, Python) logging started Mon Jun  3 23:28:56 2019

Academic license - for non-commercial use only

Gurobi 8.1.1 (mac64, Python) logging started Mon Jun  3 23:31:43 2019

Academic license - for non-commercial use only

Gurobi 8.1.1 (mac64, Python) logging started Mon Jun  3 23:32:08 2019

Academic license - for non-commercial use only

Gurobi 8.1.1 (mac64, Python) logging started Mon Jun  3 23:32:31 2019

Academic license - for non-commercial use only

Gurobi 8.1.1 (mac64, Python) logging started Sun Jun  9 22:36:27 2019

Academic license - for non-commercial use only

Gurobi 8.1.1 (mac64, Python) logging started Mon Jun 10 01:14:20 2019

Academic license - for non-commercial use only

Gurobi 8.1.1 (mac64, Python) logging started Mon Jun 10 13:05:23 2019

Academic license - for non-commercial use only

Gurobi 8.1.1 (mac64, Python) logging started Mon Jun 10 22:48:05 2019

Academic license - for non-commercial use only

Gurobi 8.1.1 (mac64, Python) logging started Fri Aug 16 20:09:35 2019

Academic license - for non-commercial use only

Gurobi 8.1.1 (mac64, Python) logging started Fri Aug 16 20:10:33 2019

Academic license - for non-commercial use only

Gurobi 8.1.1 (mac64, Python) logging started Fri Aug 16 20:11:22 2019

Academic license - for non-commercial use only

Gurobi 8.1.1 (mac64, Python) logging started Fri Aug 16 20:11:48 2019

Academic license - for non-commercial use only

Gurobi 8.1.1 (mac64, Python) logging started Fri Aug 16 20:12:20 2019

Academic license - for non-commercial use only

Gurobi 8.1.1 (mac64, Python) logging started Fri Aug 16 20:12:39 2019

Academic license - for non-commercial use only

Gurobi 8.1.1 (mac64, Python) logging started Fri Aug 16 20:12:58 2019

Academic license - for non-commercial use only

Gurobi 8.1.1 (mac64, Python) logging started Fri Aug 16 20:13:24 2019

Academic license - for non-commercial use only

Gurobi 8.1.1 (mac64, Python) logging started Fri Aug 16 20:13:49 2019

Academic license - for non-commercial use only

Gurobi 8.1.1 (mac64, Python) logging started Fri Aug 16 20:14:14 2019

Academic license - for non-commercial use only

Gurobi 8.1.1 (mac64, Python) logging started Fri Aug 16 20:14:23 2019

Academic license - for non-commercial use only

Gurobi 8.1.1 (mac64, Python) logging started Fri Aug 16 20:14:50 2019

Academic license - for non-commercial use only

Gurobi 8.1.1 (mac64, Python) logging started Fri Aug 16 20:15:31 2019

Academic license - for non-commercial use only

Gurobi 8.1.1 (mac64, Python) logging started Fri Aug 16 20:17:08 2019

Academic license - for non-commercial use only

Gurobi 8.1.1 (mac64, Python) logging started Mon Sep 23 16:59:56 2019

Academic license - for non-commercial use only

Gurobi 8.1.1 (mac64, Python) logging started Mon Sep 23 17:00:02 2019

Academic license - for non-commercial use only

Gurobi 8.1.1 (mac64, Python) logging started Mon Sep 23 17:00:36 2019

Academic license - for non-commercial use only

Gurobi 8.1.1 (mac64, Python) logging started Mon Sep 23 17:00:51 2019

Academic license - for non-commercial use only

Gurobi 8.1.1 (mac64, Python) logging started Mon Sep 23 17:01:37 2019

Academic license - for non-commercial use only

Gurobi 8.1.1 (mac64, Python) logging started Mon Sep 23 17:05:11 2019

Academic license - for non-commercial use only

Gurobi 8.1.1 (mac64, Python) logging started Mon Sep 23 17:07:02 2019

Academic license - for non-commercial use only

Gurobi 8.1.1 (mac64, Python) logging started Mon Sep 23 17:08:31 2019

Academic license - for non-commercial use only

Gurobi 8.1.1 (mac64, Python) logging started Mon Sep 23 17:18:04 2019

Academic license - for non-commercial use only

Gurobi 8.1.1 (mac64, Python) logging started Mon Sep 23 17:19:32 2019

Academic license - for non-commercial use only

Gurobi 8.1.1 (mac64, Python) logging started Mon Sep 23 17:20:59 2019

Academic license - for non-commercial use only

Gurobi 8.1.1 (mac64, Python) logging started Mon Sep 23 17:21:36 2019

Academic license - for non-commercial use only

Gurobi 8.1.1 (mac64, Python) logging started Mon Sep 23 17:24:09 2019

Academic license - for non-commercial use only

Gurobi 8.1.1 (mac64, Python) logging started Mon Sep 23 17:36:40 2019

Academic license - for non-commercial use only

Gurobi 8.1.1 (mac64, Python) logging started Mon Sep 23 17:37:50 2019

Academic license - for non-commercial use only

Gurobi 8.1.1 (mac64, Python) logging started Mon Sep 23 17:38:16 2019

Academic license - for non-commercial use only

Gurobi 8.1.1 (mac64, Python) logging started Mon Sep 23 17:38:33 2019

Academic license - for non-commercial use only

Gurobi 8.1.1 (mac64, Python) logging started Mon Sep 23 17:39:17 2019

Academic license - for non-commercial use only

Gurobi 8.1.1 (mac64, Python) logging started Mon Sep 23 17:40:22 2019

Academic license - for non-commercial use only

Gurobi 8.1.1 (mac64, Python) logging started Mon Sep 23 17:40:31 2019

Academic license - for non-commercial use only

Gurobi 8.1.1 (mac64, Python) logging started Mon Sep 23 17:41:56 2019

Academic license - for non-commercial use only

Gurobi 8.1.1 (mac64, Python) logging started Mon Sep 23 17:42:31 2019

Academic license - for non-commercial use only

Gurobi 8.1.1 (mac64, Python) logging started Mon Sep 23 17:44:39 2019

Academic license - for non-commercial use only

Gurobi 8.1.1 (mac64, Python) logging started Mon Sep 23 17:45:08 2019

Academic license - for non-commercial use only

Gurobi 8.1.1 (mac64, Python) logging started Mon Sep 23 17:45:14 2019

Academic license - for non-commercial use only

Gurobi 8.1.1 (mac64, Python) logging started Mon Sep 23 17:46:42 2019

Academic license - for non-commercial use only

Gurobi 8.1.1 (mac64, Python) logging started Mon Sep 23 17:46:56 2019

Academic license - for non-commercial use only

Gurobi 8.1.1 (mac64, Python) logging started Mon Sep 23 18:30:36 2019

Academic license - for non-commercial use only

Gurobi 8.1.1 (mac64, Python) logging started Mon Sep 23 21:15:41 2019

Academic license - for non-commercial use only

Gurobi 8.1.1 (mac64, Python) logging started Tue Sep 24 21:10:07 2019

Academic license - for non-commercial use only

Gurobi 8.1.1 (mac64, Python) logging started Tue Sep 24 21:10:52 2019

Academic license - for non-commercial use only

Gurobi 8.1.1 (mac64, Python) logging started Tue Sep 24 22:37:03 2019

Academic license - for non-commercial use only

Gurobi 8.1.1 (mac64, Python) logging started Tue Sep 24 22:39:27 2019

Academic license - for non-commercial use only

Gurobi 8.1.1 (mac64, Python) logging started Wed Sep 25 23:03:53 2019

Academic license - for non-commercial use only

Gurobi 8.1.1 (mac64, Python) logging started Thu Sep 26 11:08:37 2019

Academic license - for non-commercial use only

Gurobi 8.1.1 (mac64, Python) logging started Fri Sep 27 01:11:55 2019

Academic license - for non-commercial use only

Gurobi 8.1.1 (mac64, Python) logging started Fri Sep 27 01:12:50 2019

Academic license - for non-commercial use only

Gurobi 8.1.1 (mac64, Python) logging started Fri Sep 27 01:13:25 2019

Academic license - for non-commercial use only

Gurobi 8.1.1 (mac64, Python) logging started Fri Sep 27 01:13:40 2019

Academic license - for non-commercial use only

Gurobi 8.1.1 (mac64, Python) logging started Fri Sep 27 01:13:53 2019

Academic license - for non-commercial use only

Gurobi 8.1.1 (mac64, Python) logging started Fri Sep 27 01:14:35 2019

Academic license - for non-commercial use only

Gurobi 8.1.1 (mac64, Python) logging started Fri Sep 27 01:15:33 2019

Academic license - for non-commercial use only

Gurobi 8.1.1 (mac64, Python) logging started Fri Sep 27 01:16:20 2019

Academic license - for non-commercial use only

Gurobi 8.1.1 (mac64, Python) logging started Fri Sep 27 01:17:02 2019

Academic license - for non-commercial use only

Gurobi 8.1.1 (mac64, Python) logging started Fri Sep 27 01:18:59 2019

Academic license - for non-commercial use only

Gurobi 8.1.1 (mac64, Python) logging started Fri Sep 27 01:19:11 2019

Academic license - for non-commercial use only

Gurobi 8.1.1 (mac64, Python) logging started Fri Sep 27 01:19:41 2019

Academic license - for non-commercial use only

Gurobi 8.1.1 (mac64, Python) logging started Fri Sep 27 01:25:35 2019

Academic license - for non-commercial use only

Gurobi 8.1.1 (mac64, Python) logging started Fri Sep 27 01:26:18 2019

Academic license - for non-commercial use only

Gurobi 8.1.1 (mac64, Python) logging started Fri Sep 27 01:28:22 2019

Academic license - for non-commercial use only

Gurobi 8.1.1 (mac64, Python) logging started Fri Sep 27 01:29:46 2019

Academic license - for non-commercial use only

Gurobi 8.1.1 (mac64, Python) logging started Fri Sep 27 01:30:31 2019

Academic license - for non-commercial use only

Gurobi 8.1.1 (mac64, Python) logging started Sun Sep 29 23:50:34 2019

Academic license - for non-commercial use only

Gurobi 8.1.1 (mac64, Python) logging started Sun Sep 29 23:50:48 2019

Academic license - for non-commercial use only

Gurobi 8.1.1 (mac64, Python) logging started Sun Sep 29 23:50:56 2019

Academic license - for non-commercial use only

Gurobi 8.1.1 (mac64, Python) logging started Sun Sep 29 23:53:48 2019

Academic license - for non-commercial use only

Gurobi 8.1.1 (mac64, Python) logging started Sun Sep 29 23:58:02 2019

Academic license - for non-commercial use only

Gurobi 8.1.1 (mac64, Python) logging started Mon Oct 21 00:41:30 2019

Academic license - for non-commercial use only

Gurobi 8.1.1 (mac64, Python) logging started Mon Oct 21 00:42:46 2019

Academic license - for non-commercial use only

Gurobi 8.1.1 (mac64, Python) logging started Mon Oct 21 00:43:10 2019

Academic license - for non-commercial use only

Gurobi 8.1.1 (mac64, Python) logging started Mon Oct 21 00:44:56 2019

Academic license - for non-commercial use only

Gurobi 8.1.1 (mac64, Python) logging started Mon Oct 21 00:45:40 2019

Academic license - for non-commercial use only

Gurobi 8.1.1 (mac64, Python) logging started Mon Oct 21 01:28:14 2019

Academic license - for non-commercial use only

Gurobi 8.1.1 (mac64, Python) logging started Mon Oct 21 01:29:02 2019

Academic license - for non-commercial use only

Gurobi 8.1.1 (mac64, Python) logging started Mon Oct 21 01:30:00 2019

Academic license - for non-commercial use only

Gurobi 8.1.1 (mac64, Python) logging started Mon Oct 21 01:30:59 2019

Academic license - for non-commercial use only

Gurobi 8.1.1 (mac64, Python) logging started Mon Oct 21 01:31:43 2019

Academic license - for non-commercial use only

Gurobi 8.1.1 (mac64, Python) logging started Mon Oct 21 01:33:25 2019

Academic license - for non-commercial use only

Gurobi 8.1.1 (mac64, Python) logging started Mon Oct 21 01:39:33 2019

Academic license - for non-commercial use only

Gurobi 8.1.1 (mac64, Python) logging started Mon Oct 21 01:39:35 2019

Academic license - for non-commercial use only

Gurobi 8.1.1 (mac64, Python) logging started Mon Oct 21 01:39:37 2019

Academic license - for non-commercial use only

Gurobi 8.1.1 (mac64, Python) logging started Mon Oct 21 01:56:59 2019

Academic license - for non-commercial use only

Gurobi 8.1.1 (mac64, Python) logging started Mon Oct 21 01:57:51 2019

Academic license - for non-commercial use only

Gurobi 8.1.1 (mac64, Python) logging started Mon Oct 21 01:58:45 2019

Academic license - for non-commercial use only

Gurobi 8.1.1 (mac64, Python) logging started Mon Oct 21 01:59:46 2019

Academic license - for non-commercial use only

Gurobi 8.1.1 (mac64, Python) logging started Mon Oct 21 01:59:52 2019

Academic license - for non-commercial use only

Gurobi 8.1.1 (mac64, Python) logging started Mon Oct 21 02:00:00 2019

Academic license - for non-commercial use only

Gurobi 8.1.1 (mac64, Python) logging started Mon Oct 21 02:00:17 2019

Academic license - for non-commercial use only

Gurobi 8.1.1 (mac64, Python) logging started Mon Oct 21 02:01:06 2019

Academic license - for non-commercial use only

Gurobi 8.1.1 (mac64, Python) logging started Mon Oct 21 02:05:15 2019

Academic license - for non-commercial use only

Gurobi 8.1.1 (mac64, Python) logging started Mon Oct 21 02:05:46 2019

Academic license - for non-commercial use only

Gurobi 8.1.1 (mac64, Python) logging started Mon Oct 21 02:08:51 2019

Academic license - for non-commercial use only

Gurobi 8.1.1 (mac64, Python) logging started Mon Oct 21 02:08:54 2019

Academic license - for non-commercial use only

Gurobi 8.1.1 (mac64, Python) logging started Mon Oct 21 02:12:37 2019

Academic license - for non-commercial use only

Gurobi 8.1.1 (mac64, Python) logging started Mon Oct 21 02:12:40 2019

Academic license - for non-commercial use only

Gurobi 8.1.1 (mac64, Python) logging started Mon Oct 21 02:17:27 2019

Academic license - for non-commercial use only

Gurobi 8.1.1 (mac64, Python) logging started Mon Oct 21 02:18:33 2019

Academic license - for non-commercial use only

Gurobi 8.1.1 (mac64, Python) logging started Mon Oct 21 02:18:35 2019

Academic license - for non-commercial use only

Gurobi 8.1.1 (mac64, Python) logging started Mon Oct 21 02:18:38 2019

Academic license - for non-commercial use only

Gurobi 8.1.1 (mac64, Python) logging started Mon Oct 21 02:19:05 2019

Academic license - for non-commercial use only

Gurobi 8.1.1 (mac64, Python) logging started Mon Oct 21 02:19:07 2019

Academic license - for non-commercial use only

Gurobi 8.1.1 (mac64, Python) logging started Mon Oct 21 02:19:12 2019

Academic license - for non-commercial use only

Gurobi 8.1.1 (mac64, Python) logging started Mon Oct 21 02:19:16 2019

Academic license - for non-commercial use only

Gurobi 8.1.1 (mac64, Python) logging started Mon Oct 21 02:25:57 2019

Academic license - for non-commercial use only

Gurobi 8.1.1 (mac64, Python) logging started Mon Oct 21 02:26:00 2019

Academic license - for non-commercial use only

Gurobi 8.1.1 (mac64, Python) logging started Mon Oct 21 02:26:02 2019

Academic license - for non-commercial use only

Gurobi 8.1.1 (mac64, Python) logging started Mon Oct 21 02:26:03 2019

Academic license - for non-commercial use only

Gurobi 8.1.1 (mac64, Python) logging started Mon Oct 21 02:27:00 2019

Academic license - for non-commercial use only

Gurobi 8.1.1 (mac64, Python) logging started Mon Oct 21 02:27:17 2019

Academic license - for non-commercial use only

Gurobi 8.1.1 (mac64, Python) logging started Mon Oct 21 02:27:35 2019

Academic license - for non-commercial use only

Gurobi 8.1.1 (mac64, Python) logging started Tue Oct 22 01:32:20 2019

Academic license - for non-commercial use only

Gurobi 8.1.1 (mac64, Python) logging started Tue Oct 22 01:41:15 2019

Academic license - for non-commercial use only

Gurobi 8.1.1 (mac64, Python) logging started Tue Oct 22 01:42:48 2019

Academic license - for non-commercial use only

Gurobi 8.1.1 (mac64, Python) logging started Tue Oct 22 01:44:52 2019

Academic license - for non-commercial use only

Gurobi 8.1.1 (mac64, Python) logging started Tue Oct 22 01:45:10 2019

Academic license - for non-commercial use only

Gurobi 8.1.1 (mac64, Python) logging started Tue Oct 22 01:45:30 2019

Academic license - for non-commercial use only

Gurobi 8.1.1 (mac64, Python) logging started Tue Oct 22 01:45:54 2019

Academic license - for non-commercial use only

Gurobi 8.1.1 (mac64, Python) logging started Tue Oct 22 01:46:54 2019

Academic license - for non-commercial use only

Gurobi 8.1.1 (mac64, Python) logging started Tue Oct 22 01:47:30 2019

Academic license - for non-commercial use only

Gurobi 8.1.1 (mac64, Python) logging started Tue Oct 22 01:47:30 2019

Academic license - for non-commercial use only

Gurobi 8.1.1 (mac64, Python) logging started Tue Oct 22 01:48:51 2019

Academic license - for non-commercial use only

Gurobi 8.1.1 (mac64, Python) logging started Tue Oct 22 01:48:52 2019

Academic license - for non-commercial use only

Gurobi 8.1.1 (mac64, Python) logging started Tue Oct 22 01:56:05 2019

Academic license - for non-commercial use only

Gurobi 8.1.1 (mac64, Python) logging started Tue Oct 22 01:56:05 2019

Academic license - for non-commercial use only

Gurobi 8.1.1 (mac64, Python) logging started Tue Oct 22 01:56:16 2019

Academic license - for non-commercial use only

Gurobi 8.1.1 (mac64, Python) logging started Tue Oct 22 01:56:17 2019

Academic license - for non-commercial use only

Gurobi 8.1.1 (mac64, Python) logging started Tue Oct 22 02:04:07 2019

Academic license - for non-commercial use only

Gurobi 8.1.1 (mac64, Python) logging started Tue Oct 22 02:04:07 2019

Academic license - for non-commercial use only

Gurobi 8.1.1 (mac64, Python) logging started Tue Oct 22 02:04:10 2019

Academic license - for non-commercial use only

Gurobi 8.1.1 (mac64, Python) logging started Tue Oct 22 02:04:10 2019

Academic license - for non-commercial use only

Gurobi 8.1.1 (mac64, Python) logging started Tue Oct 22 02:04:12 2019

Academic license - for non-commercial use only

Gurobi 8.1.1 (mac64, Python) logging started Tue Oct 22 02:04:12 2019

Academic license - for non-commercial use only

Gurobi 8.1.1 (mac64, Python) logging started Mon Nov 11 12:05:22 2019


Gurobi 8.1.1 (mac64, Python) logging started Mon Nov 11 12:05:22 2019


Gurobi 8.1.1 (mac64, Python) logging started Mon Nov 11 12:05:22 2019


Gurobi 8.1.1 (mac64, Python) logging started Mon Nov 11 12:05:22 2019


Gurobi 8.1.1 (mac64, Python) logging started Mon Nov 11 12:05:23 2019


Gurobi 8.1.1 (mac64, Python) logging started Mon Nov 11 12:05:23 2019


Gurobi 8.1.1 (mac64, Python) logging started Mon Nov 11 12:05:23 2019


Gurobi 8.1.1 (mac64, Python) logging started Mon Nov 11 12:05:23 2019


Gurobi 8.1.1 (mac64, Python) logging started Mon Nov 11 12:05:23 2019


Gurobi 8.1.1 (mac64, Python) logging started Mon Nov 11 12:05:23 2019


Gurobi 8.1.1 (mac64, Python) logging started Mon Nov 11 12:05:23 2019


Gurobi 8.1.1 (mac64, Python) logging started Mon Nov 11 12:05:24 2019


Gurobi 8.1.1 (mac64, Python) logging started Mon Nov 11 12:05:24 2019


Gurobi 8.1.1 (mac64, Python) logging started Mon Nov 11 12:05:24 2019


Gurobi 8.1.1 (mac64, Python) logging started Mon Nov 11 12:05:24 2019


Gurobi 8.1.1 (mac64, Python) logging started Mon Nov 11 12:05:24 2019


Gurobi 8.1.1 (mac64, Python) logging started Mon Nov 11 12:05:25 2019


Gurobi 8.1.1 (mac64, Python) logging started Mon Nov 11 12:05:25 2019


Gurobi 8.1.1 (mac64, Python) logging started Mon Nov 11 12:05:27 2019


Gurobi 8.1.1 (mac64, Python) logging started Mon Nov 11 12:18:38 2019

Academic license - for non-commercial use only

Gurobi 8.1.1 (mac64, Python) logging started Mon Nov 11 12:18:40 2019

Academic license - for non-commercial use only

Gurobi 8.1.1 (mac64, Python) logging started Mon Nov 11 12:18:41 2019

Academic license - for non-commercial use only

Gurobi 8.1.1 (mac64, Python) logging started Mon Nov 11 12:18:43 2019

Academic license - for non-commercial use only

Gurobi 8.1.1 (mac64, Python) logging started Mon Nov 11 12:18:45 2019

Academic license - for non-commercial use only

Gurobi 8.1.1 (mac64, Python) logging started Mon Nov 11 12:18:46 2019

Academic license - for non-commercial use only

Gurobi 8.1.1 (mac64, Python) logging started Mon Nov 11 12:18:50 2019

Academic license - for non-commercial use only

Gurobi 8.1.1 (mac64, Python) logging started Mon Nov 11 12:18:53 2019

Academic license - for non-commercial use only

Gurobi 8.1.1 (mac64, Python) logging started Mon Nov 11 12:18:55 2019

Academic license - for non-commercial use only

Gurobi 8.1.1 (mac64, Python) logging started Mon Nov 11 12:18:56 2019

Academic license - for non-commercial use only

Gurobi 8.1.1 (mac64, Python) logging started Mon Nov 11 12:19:16 2019

Academic license - for non-commercial use only

Gurobi 8.1.1 (mac64, Python) logging started Mon Nov 11 12:19:17 2019

Academic license - for non-commercial use only

Gurobi 8.1.1 (mac64, Python) logging started Mon Nov 11 12:19:19 2019

Academic license - for non-commercial use only

Gurobi 8.1.1 (mac64, Python) logging started Mon Nov 11 12:19:21 2019

Academic license - for non-commercial use only

Gurobi 8.1.1 (mac64, Python) logging started Mon Nov 11 12:19:23 2019

Academic license - for non-commercial use only

Gurobi 8.1.1 (mac64, Python) logging started Mon Nov 11 12:19:24 2019

Academic license - for non-commercial use only

Gurobi 8.1.1 (mac64, Python) logging started Mon Nov 11 12:20:14 2019

Academic license - for non-commercial use only

Gurobi 8.1.1 (mac64, Python) logging started Mon Nov 11 12:20:38 2019

Academic license - for non-commercial use only

Gurobi 8.1.1 (mac64, Python) logging started Mon Nov 11 12:20:57 2019

Academic license - for non-commercial use only

Gurobi 8.1.1 (mac64, Python) logging started Mon Nov 11 12:21:18 2019

Academic license - for non-commercial use only

Gurobi 8.1.1 (mac64, Python) logging started Mon Nov 11 12:22:12 2019

Academic license - for non-commercial use only

Gurobi 8.1.1 (mac64, Python) logging started Mon Nov 11 12:22:38 2019

Academic license - for non-commercial use only

Gurobi 8.1.1 (mac64, Python) logging started Mon Nov 11 12:23:31 2019

Academic license - for non-commercial use only

Gurobi 8.1.1 (mac64, Python) logging started Mon Nov 11 12:23:32 2019

Academic license - for non-commercial use only

Gurobi 8.1.1 (mac64, Python) logging started Mon Nov 11 12:23:34 2019

Academic license - for non-commercial use only

Gurobi 8.1.1 (mac64, Python) logging started Mon Nov 11 12:23:36 2019

Academic license - for non-commercial use only

Gurobi 8.1.1 (mac64, Python) logging started Mon Nov 11 12:23:38 2019

Academic license - for non-commercial use only

Gurobi 8.1.1 (mac64, Python) logging started Mon Nov 11 12:23:39 2019

Academic license - for non-commercial use only

Gurobi 8.1.1 (mac64, Python) logging started Mon Nov 11 12:23:43 2019

Academic license - for non-commercial use only

Gurobi 8.1.1 (mac64, Python) logging started Mon Nov 11 12:23:46 2019

Academic license - for non-commercial use only

Gurobi 8.1.1 (mac64, Python) logging started Mon Nov 11 12:23:49 2019

Academic license - for non-commercial use only

Gurobi 8.1.1 (mac64, Python) logging started Mon Nov 11 12:23:52 2019

Academic license - for non-commercial use only

Gurobi 8.1.1 (mac64, Python) logging started Mon Nov 11 12:23:55 2019

Academic license - for non-commercial use only

Gurobi 8.1.1 (mac64, Python) logging started Mon Nov 11 12:23:58 2019

Academic license - for non-commercial use only

Gurobi 8.1.1 (mac64, Python) logging started Mon Nov 11 12:24:01 2019

Academic license - for non-commercial use only

Gurobi 8.1.1 (mac64, Python) logging started Mon Nov 11 12:24:04 2019

Academic license - for non-commercial use only

Gurobi 8.1.1 (mac64, Python) logging started Mon Nov 11 12:24:07 2019

Academic license - for non-commercial use only

Gurobi 8.1.1 (mac64, Python) logging started Mon Nov 11 12:24:11 2019

Academic license - for non-commercial use only

Gurobi 8.1.1 (mac64, Python) logging started Mon Nov 11 12:24:18 2019

Academic license - for non-commercial use only

Gurobi 8.1.1 (mac64, Python) logging started Mon Nov 11 12:24:26 2019

Academic license - for non-commercial use only

Gurobi 8.1.1 (mac64, Python) logging started Mon Nov 11 12:24:33 2019

Academic license - for non-commercial use only

Gurobi 8.1.1 (mac64, Python) logging started Mon Nov 11 12:24:41 2019

Academic license - for non-commercial use only

Gurobi 8.1.1 (mac64, Python) logging started Mon Nov 11 12:24:49 2019

Academic license - for non-commercial use only

Gurobi 8.1.1 (mac64, Python) logging started Mon Nov 11 12:25:06 2019

Academic license - for non-commercial use only

Gurobi 8.1.1 (mac64, Python) logging started Mon Nov 11 12:25:23 2019

Academic license - for non-commercial use only

Gurobi 8.1.1 (mac64, Python) logging started Mon Nov 11 12:25:39 2019

Academic license - for non-commercial use only

Gurobi 8.1.1 (mac64, Python) logging started Mon Nov 11 12:25:57 2019

Academic license - for non-commercial use only

Gurobi 8.1.1 (mac64, Python) logging started Mon Nov 11 12:26:14 2019

Academic license - for non-commercial use only

Gurobi 8.1.1 (mac64, Python) logging started Mon Nov 11 12:26:33 2019

Academic license - for non-commercial use only

Gurobi 8.1.1 (mac64, Python) logging started Mon Nov 11 12:26:51 2019

Academic license - for non-commercial use only

Gurobi 8.1.1 (mac64, Python) logging started Mon Nov 11 12:27:09 2019

Academic license - for non-commercial use only

Gurobi 8.1.1 (mac64, Python) logging started Mon Nov 11 12:27:26 2019

Academic license - for non-commercial use only

Gurobi 8.1.1 (mac64, Python) logging started Mon Nov 11 12:27:43 2019

Academic license - for non-commercial use only

Gurobi 8.1.1 (mac64, Python) logging started Mon Nov 11 12:28:04 2019

Academic license - for non-commercial use only

Gurobi 8.1.1 (mac64, Python) logging started Mon Nov 11 12:28:24 2019

Academic license - for non-commercial use only

Gurobi 8.1.1 (mac64, Python) logging started Mon Nov 11 12:28:45 2019

Academic license - for non-commercial use only

Gurobi 8.1.1 (mac64, Python) logging started Mon Nov 11 12:29:05 2019

Academic license - for non-commercial use only

Gurobi 8.1.1 (mac64, Python) logging started Mon Nov 11 12:29:26 2019

Academic license - for non-commercial use only

Gurobi 8.1.1 (mac64, Python) logging started Mon Nov 11 12:30:17 2019

Academic license - for non-commercial use only

Gurobi 8.1.1 (mac64, Python) logging started Mon Nov 11 12:31:06 2019

Academic license - for non-commercial use only

Gurobi 8.1.1 (mac64, Python) logging started Mon Nov 11 12:31:49 2019

Academic license - for non-commercial use only

Gurobi 8.1.1 (mac64, Python) logging started Mon Nov 11 12:32:35 2019

Academic license - for non-commercial use only

Gurobi 8.1.1 (mac64, Python) logging started Mon Nov 11 12:33:25 2019

Academic license - for non-commercial use only

Gurobi 8.1.1 (mac64, Python) logging started Mon Nov 11 12:34:10 2019

Academic license - for non-commercial use only

Gurobi 8.1.1 (mac64, Python) logging started Mon Nov 11 12:35:00 2019

Academic license - for non-commercial use only

Gurobi 8.1.1 (mac64, Python) logging started Mon Nov 11 12:35:51 2019

Academic license - for non-commercial use only

Gurobi 8.1.1 (mac64, Python) logging started Mon Nov 11 12:36:41 2019

Academic license - for non-commercial use only

Gurobi 8.1.1 (mac64, Python) logging started Mon Nov 11 12:37:29 2019

Academic license - for non-commercial use only

Gurobi 8.1.1 (mac64, Python) logging started Mon Nov 11 12:37:30 2019

Academic license - for non-commercial use only

Gurobi 8.1.1 (mac64, Python) logging started Mon Nov 11 12:37:32 2019

Academic license - for non-commercial use only

Gurobi 8.1.1 (mac64, Python) logging started Mon Nov 11 12:37:34 2019

Academic license - for non-commercial use only

Gurobi 8.1.1 (mac64, Python) logging started Mon Nov 11 12:37:35 2019

Academic license - for non-commercial use only

Gurobi 8.1.1 (mac64, Python) logging started Mon Nov 11 12:37:37 2019

Academic license - for non-commercial use only

Gurobi 8.1.1 (mac64, Python) logging started Mon Nov 11 12:37:40 2019

Academic license - for non-commercial use only

Gurobi 8.1.1 (mac64, Python) logging started Mon Nov 11 12:37:43 2019

Academic license - for non-commercial use only

Gurobi 8.1.1 (mac64, Python) logging started Mon Nov 11 12:37:46 2019

Academic license - for non-commercial use only

Gurobi 8.1.1 (mac64, Python) logging started Mon Nov 11 12:37:48 2019

Academic license - for non-commercial use only

Gurobi 8.1.1 (mac64, Python) logging started Mon Nov 11 12:37:51 2019

Academic license - for non-commercial use only

Gurobi 8.1.1 (mac64, Python) logging started Mon Nov 11 12:37:55 2019

Academic license - for non-commercial use only

Gurobi 8.1.1 (mac64, Python) logging started Mon Nov 11 12:37:58 2019

Academic license - for non-commercial use only

Gurobi 8.1.1 (mac64, Python) logging started Mon Nov 11 12:38:01 2019

Academic license - for non-commercial use only

Gurobi 8.1.1 (mac64, Python) logging started Mon Nov 11 12:38:04 2019

Academic license - for non-commercial use only

Gurobi 8.1.1 (mac64, Python) logging started Mon Nov 11 12:38:08 2019

Academic license - for non-commercial use only

Gurobi 8.1.1 (mac64, Python) logging started Mon Nov 11 12:38:15 2019

Academic license - for non-commercial use only

Gurobi 8.1.1 (mac64, Python) logging started Mon Nov 11 12:38:23 2019

Academic license - for non-commercial use only

Gurobi 8.1.1 (mac64, Python) logging started Mon Nov 11 12:38:30 2019

Academic license - for non-commercial use only

Gurobi 8.1.1 (mac64, Python) logging started Mon Nov 11 12:38:38 2019

Academic license - for non-commercial use only

Gurobi 8.1.1 (mac64, Python) logging started Mon Nov 11 12:38:45 2019

Academic license - for non-commercial use only

Gurobi 8.1.1 (mac64, Python) logging started Mon Nov 11 12:39:01 2019

Academic license - for non-commercial use only

Gurobi 8.1.1 (mac64, Python) logging started Mon Nov 11 12:39:18 2019

Academic license - for non-commercial use only

Gurobi 8.1.1 (mac64, Python) logging started Mon Nov 11 12:39:34 2019

Academic license - for non-commercial use only

Gurobi 8.1.1 (mac64, Python) logging started Mon Nov 11 12:39:50 2019

Academic license - for non-commercial use only

Gurobi 8.1.1 (mac64, Python) logging started Mon Nov 11 12:40:07 2019

Academic license - for non-commercial use only

Gurobi 8.1.1 (mac64, Python) logging started Mon Nov 11 12:40:25 2019

Academic license - for non-commercial use only

Gurobi 8.1.1 (mac64, Python) logging started Mon Nov 11 12:40:44 2019

Academic license - for non-commercial use only

Gurobi 8.1.1 (mac64, Python) logging started Mon Nov 11 12:41:00 2019

Academic license - for non-commercial use only

Gurobi 8.1.1 (mac64, Python) logging started Mon Nov 11 12:41:17 2019

Academic license - for non-commercial use only

Gurobi 8.1.1 (mac64, Python) logging started Mon Nov 11 12:41:35 2019

Academic license - for non-commercial use only

Gurobi 8.1.1 (mac64, Python) logging started Mon Nov 11 12:41:55 2019

Academic license - for non-commercial use only

Gurobi 8.1.1 (mac64, Python) logging started Mon Nov 11 12:42:15 2019

Academic license - for non-commercial use only

Gurobi 8.1.1 (mac64, Python) logging started Mon Nov 11 12:42:35 2019

Academic license - for non-commercial use only

Gurobi 8.1.1 (mac64, Python) logging started Mon Nov 11 12:42:56 2019

Academic license - for non-commercial use only

Gurobi 8.1.1 (mac64, Python) logging started Mon Nov 11 12:43:16 2019

Academic license - for non-commercial use only

Gurobi 8.1.1 (mac64, Python) logging started Mon Nov 11 12:44:02 2019

Academic license - for non-commercial use only

Gurobi 8.1.1 (mac64, Python) logging started Mon Nov 11 12:44:47 2019

Academic license - for non-commercial use only

Gurobi 8.1.1 (mac64, Python) logging started Mon Nov 11 12:45:32 2019

Academic license - for non-commercial use only

Gurobi 8.1.1 (mac64, Python) logging started Mon Nov 11 12:46:18 2019

Academic license - for non-commercial use only

Gurobi 8.1.1 (mac64, Python) logging started Mon Nov 11 12:47:04 2019

Academic license - for non-commercial use only

Gurobi 8.1.1 (mac64, Python) logging started Mon Nov 11 12:47:56 2019

Academic license - for non-commercial use only

Gurobi 8.1.1 (mac64, Python) logging started Mon Nov 11 12:48:51 2019

Academic license - for non-commercial use only

Gurobi 8.1.1 (mac64, Python) logging started Mon Nov 11 12:49:38 2019

Academic license - for non-commercial use only

Gurobi 8.1.1 (mac64, Python) logging started Mon Nov 11 12:50:25 2019

Academic license - for non-commercial use only

Gurobi 8.1.1 (mac64, Python) logging started Mon Nov 11 12:54:35 2019

Academic license - for non-commercial use only

Gurobi 8.1.1 (mac64, Python) logging started Mon Nov 11 12:54:38 2019

Academic license - for non-commercial use only

Gurobi 8.1.1 (mac64, Python) logging started Mon Nov 11 12:54:41 2019

Academic license - for non-commercial use only

Gurobi 8.1.1 (mac64, Python) logging started Mon Nov 11 12:54:44 2019

Academic license - for non-commercial use only

Gurobi 8.1.1 (mac64, Python) logging started Mon Nov 11 12:54:47 2019

Academic license - for non-commercial use only

Gurobi 8.1.1 (mac64, Python) logging started Mon Nov 11 12:54:50 2019

Academic license - for non-commercial use only

Gurobi 8.1.1 (mac64, Python) logging started Mon Nov 11 12:54:53 2019

Academic license - for non-commercial use only

Gurobi 8.1.1 (mac64, Python) logging started Mon Nov 11 12:54:56 2019

Academic license - for non-commercial use only

Gurobi 8.1.1 (mac64, Python) logging started Mon Nov 11 12:54:59 2019

Academic license - for non-commercial use only

Gurobi 8.1.1 (mac64, Python) logging started Mon Nov 11 12:55:02 2019

Academic license - for non-commercial use only

Gurobi 8.1.1 (mac64, Python) logging started Mon Nov 11 12:55:05 2019

Academic license - for non-commercial use only

Gurobi 8.1.1 (mac64, Python) logging started Mon Nov 11 12:55:09 2019

Academic license - for non-commercial use only

Gurobi 8.1.1 (mac64, Python) logging started Mon Nov 11 12:55:12 2019

Academic license - for non-commercial use only

Gurobi 8.1.1 (mac64, Python) logging started Mon Nov 11 12:55:16 2019

Academic license - for non-commercial use only

Gurobi 8.1.1 (mac64, Python) logging started Mon Nov 11 12:55:19 2019

Academic license - for non-commercial use only

Gurobi 8.1.1 (mac64, Python) logging started Mon Nov 11 12:55:23 2019

Academic license - for non-commercial use only

Gurobi 8.1.1 (mac64, Python) logging started Mon Nov 11 12:55:38 2019

Academic license - for non-commercial use only

Gurobi 8.1.1 (mac64, Python) logging started Mon Nov 11 12:55:54 2019

Academic license - for non-commercial use only

Gurobi 8.1.1 (mac64, Python) logging started Mon Nov 11 12:56:08 2019

Academic license - for non-commercial use only

Gurobi 8.1.1 (mac64, Python) logging started Mon Nov 11 12:56:22 2019

Academic license - for non-commercial use only

Gurobi 8.1.1 (mac64, Python) logging started Mon Nov 11 12:56:45 2019

Academic license - for non-commercial use only

Gurobi 8.1.1 (mac64, Python) logging started Mon Nov 11 12:57:02 2019

Academic license - for non-commercial use only

Gurobi 8.1.1 (mac64, Python) logging started Mon Nov 11 12:57:27 2019

Academic license - for non-commercial use only

Gurobi 8.1.1 (mac64, Python) logging started Mon Nov 11 12:58:01 2019

Academic license - for non-commercial use only

Gurobi 8.1.1 (mac64, Python) logging started Mon Nov 11 12:58:18 2019

Academic license - for non-commercial use only

Gurobi 8.1.1 (mac64, Python) logging started Mon Nov 11 12:58:36 2019

Academic license - for non-commercial use only

Gurobi 8.1.1 (mac64, Python) logging started Mon Nov 11 12:59:06 2019

Academic license - for non-commercial use only

Gurobi 8.1.1 (mac64, Python) logging started Mon Nov 11 12:59:22 2019

Academic license - for non-commercial use only

Gurobi 8.1.1 (mac64, Python) logging started Mon Nov 11 12:59:41 2019

Academic license - for non-commercial use only

Gurobi 8.1.1 (mac64, Python) logging started Mon Nov 11 12:59:58 2019

Academic license - for non-commercial use only

Gurobi 8.1.1 (mac64, Python) logging started Mon Nov 11 13:00:13 2019

Academic license - for non-commercial use only

Gurobi 8.1.1 (mac64, Python) logging started Mon Nov 11 13:00:56 2019

Academic license - for non-commercial use only

Gurobi 8.1.1 (mac64, Python) logging started Mon Nov 11 13:01:31 2019

Academic license - for non-commercial use only

Gurobi 8.1.1 (mac64, Python) logging started Mon Nov 11 13:02:22 2019

Academic license - for non-commercial use only

Gurobi 8.1.1 (mac64, Python) logging started Mon Nov 11 13:03:05 2019

Academic license - for non-commercial use only

Gurobi 8.1.1 (mac64, Python) logging started Mon Nov 11 13:03:58 2019

Academic license - for non-commercial use only

Gurobi 8.1.1 (mac64, Python) logging started Mon Nov 11 13:05:27 2019

Academic license - for non-commercial use only

Gurobi 8.1.1 (mac64, Python) logging started Mon Nov 11 13:06:21 2019

Academic license - for non-commercial use only

Gurobi 8.1.1 (mac64, Python) logging started Mon Nov 11 13:07:06 2019

Academic license - for non-commercial use only

Gurobi 8.1.1 (mac64, Python) logging started Mon Nov 11 13:08:56 2019

Academic license - for non-commercial use only

Gurobi 8.1.1 (mac64, Python) logging started Mon Nov 11 13:09:45 2019

Academic license - for non-commercial use only

Gurobi 8.1.1 (mac64, Python) logging started Mon Nov 11 13:10:54 2019

Academic license - for non-commercial use only

Gurobi 8.1.1 (mac64, Python) logging started Mon Nov 11 13:12:01 2019

Academic license - for non-commercial use only

Gurobi 8.1.1 (mac64, Python) logging started Mon Nov 11 13:12:53 2019

Academic license - for non-commercial use only

Gurobi 8.1.1 (mac64, Python) logging started Mon Nov 11 13:13:54 2019

Academic license - for non-commercial use only

Gurobi 8.1.1 (mac64, Python) logging started Mon Nov 11 13:14:43 2019

Academic license - for non-commercial use only

Gurobi 8.1.1 (mac64, Python) logging started Mon Nov 11 13:14:46 2019

Academic license - for non-commercial use only

Gurobi 8.1.1 (mac64, Python) logging started Mon Nov 11 13:14:49 2019

Academic license - for non-commercial use only

Gurobi 8.1.1 (mac64, Python) logging started Mon Nov 11 13:14:52 2019

Academic license - for non-commercial use only

Gurobi 8.1.1 (mac64, Python) logging started Mon Nov 11 13:14:54 2019

Academic license - for non-commercial use only

Gurobi 8.1.1 (mac64, Python) logging started Mon Nov 11 13:14:57 2019

Academic license - for non-commercial use only

Gurobi 8.1.1 (mac64, Python) logging started Mon Nov 11 13:15:00 2019

Academic license - for non-commercial use only

Gurobi 8.1.1 (mac64, Python) logging started Mon Nov 11 13:15:03 2019

Academic license - for non-commercial use only

Gurobi 8.1.1 (mac64, Python) logging started Mon Nov 11 13:15:06 2019

Academic license - for non-commercial use only

Gurobi 8.1.1 (mac64, Python) logging started Mon Nov 11 13:15:10 2019

Academic license - for non-commercial use only

Gurobi 8.1.1 (mac64, Python) logging started Mon Nov 11 13:15:14 2019

Academic license - for non-commercial use only

Gurobi 8.1.1 (mac64, Python) logging started Mon Nov 11 13:15:17 2019

Academic license - for non-commercial use only

Gurobi 8.1.1 (mac64, Python) logging started Mon Nov 11 13:15:21 2019

Academic license - for non-commercial use only

Gurobi 8.1.1 (mac64, Python) logging started Mon Nov 11 13:15:24 2019

Academic license - for non-commercial use only

Gurobi 8.1.1 (mac64, Python) logging started Mon Nov 11 13:15:28 2019

Academic license - for non-commercial use only

Gurobi 8.1.1 (mac64, Python) logging started Mon Nov 11 13:15:31 2019

Academic license - for non-commercial use only

Gurobi 8.1.1 (mac64, Python) logging started Mon Nov 11 13:15:44 2019

Academic license - for non-commercial use only

Gurobi 8.1.1 (mac64, Python) logging started Mon Nov 11 13:16:00 2019

Academic license - for non-commercial use only

Gurobi 8.1.1 (mac64, Python) logging started Mon Nov 11 13:16:15 2019

Academic license - for non-commercial use only

Gurobi 8.1.1 (mac64, Python) logging started Mon Nov 11 13:16:28 2019

Academic license - for non-commercial use only

Gurobi 8.1.1 (mac64, Python) logging started Mon Nov 11 13:16:42 2019

Academic license - for non-commercial use only

Gurobi 8.1.1 (mac64, Python) logging started Mon Nov 11 13:17:00 2019

Academic license - for non-commercial use only

Gurobi 8.1.1 (mac64, Python) logging started Mon Nov 11 13:17:22 2019

Academic license - for non-commercial use only

Gurobi 8.1.1 (mac64, Python) logging started Mon Nov 11 13:17:40 2019

Academic license - for non-commercial use only

Gurobi 8.1.1 (mac64, Python) logging started Mon Nov 11 13:17:55 2019

Academic license - for non-commercial use only

Gurobi 8.1.1 (mac64, Python) logging started Mon Nov 11 13:18:12 2019

Academic license - for non-commercial use only

Gurobi 8.1.1 (mac64, Python) logging started Mon Nov 11 13:18:29 2019

Academic license - for non-commercial use only

Gurobi 8.1.1 (mac64, Python) logging started Mon Nov 11 13:18:49 2019

Academic license - for non-commercial use only

Gurobi 8.1.1 (mac64, Python) logging started Mon Nov 11 13:19:07 2019

Academic license - for non-commercial use only

Gurobi 8.1.1 (mac64, Python) logging started Mon Nov 11 13:19:29 2019

Academic license - for non-commercial use only

Gurobi 8.1.1 (mac64, Python) logging started Mon Nov 11 13:19:46 2019

Academic license - for non-commercial use only

Gurobi 8.1.1 (mac64, Python) logging started Mon Nov 11 13:20:37 2019

Academic license - for non-commercial use only

Gurobi 8.1.1 (mac64, Python) logging started Mon Nov 11 13:21:54 2019

Academic license - for non-commercial use only

Gurobi 8.1.1 (mac64, Python) logging started Mon Nov 11 13:22:33 2019

Academic license - for non-commercial use only

Gurobi 8.1.1 (mac64, Python) logging started Mon Nov 11 13:23:26 2019

Academic license - for non-commercial use only

Gurobi 8.1.1 (mac64, Python) logging started Mon Nov 11 13:24:05 2019

Academic license - for non-commercial use only

Gurobi 8.1.1 (mac64, Python) logging started Mon Nov 11 13:24:51 2019

Academic license - for non-commercial use only

Gurobi 8.1.1 (mac64, Python) logging started Mon Nov 11 13:25:43 2019

Academic license - for non-commercial use only

Gurobi 8.1.1 (mac64, Python) logging started Mon Nov 11 13:26:46 2019

Academic license - for non-commercial use only

Gurobi 8.1.1 (mac64, Python) logging started Mon Nov 11 13:27:33 2019

Academic license - for non-commercial use only

Gurobi 8.1.1 (mac64, Python) logging started Mon Nov 11 13:28:34 2019

Academic license - for non-commercial use only

Gurobi 8.1.1 (mac64, Python) logging started Mon Nov 11 13:29:30 2019

Academic license - for non-commercial use only

Gurobi 8.1.1 (mac64, Python) logging started Mon Nov 11 13:30:24 2019

Academic license - for non-commercial use only

Gurobi 8.1.1 (mac64, Python) logging started Mon Nov 11 13:31:26 2019

Academic license - for non-commercial use only

Gurobi 8.1.1 (mac64, Python) logging started Mon Nov 11 13:32:17 2019

Academic license - for non-commercial use only

Gurobi 8.1.1 (mac64, Python) logging started Mon Nov 11 14:02:33 2019

Academic license - for non-commercial use only

Gurobi 8.1.1 (mac64, Python) logging started Mon Nov 11 14:17:34 2019

Academic license - for non-commercial use only

Gurobi 8.1.1 (mac64, Python) logging started Mon Nov 11 14:21:59 2019

Academic license - for non-commercial use only

Gurobi 8.1.1 (mac64, Python) logging started Mon Nov 11 14:37:00 2019

Academic license - for non-commercial use only

Gurobi 8.1.1 (mac64, Python) logging started Mon Nov 11 14:52:01 2019

Academic license - for non-commercial use only

Gurobi 8.1.1 (mac64, Python) logging started Mon Nov 11 15:07:03 2019

Academic license - for non-commercial use only

Gurobi 8.1.1 (mac64, Python) logging started Mon Nov 11 15:12:55 2019

Academic license - for non-commercial use only

Gurobi 8.1.1 (mac64, Python) logging started Mon Nov 11 15:12:56 2019

Academic license - for non-commercial use only
